[debug] [2021-05-27T07:02:15.092Z] ----------------------------------------------------------------------
[debug] [2021-05-27T07:02:15.096Z] Command:       C:\Program Files\nodejs\node.exe C:\Users\zeroday\AppData\Roaming\npm\node_modules\firebase-tools\lib\bin\firebase.js init
[debug] [2021-05-27T07:02:15.097Z] CLI Version:   9.12.0
[debug] [2021-05-27T07:02:15.097Z] Platform:      win32
[debug] [2021-05-27T07:02:15.097Z] Node Version:  v14.16.1
[debug] [2021-05-27T07:02:15.099Z] Time:          Thu May 27 2021 00:02:15 GMT-0700 (Pacific Daylight Time)
[debug] [2021-05-27T07:02:15.099Z] ----------------------------------------------------------------------
[debug] 
[debug] [2021-05-27T07:02:15.104Z] >>> [apiv2][query] GET https://firebase-public.firebaseio.com/cli.json [none]
[debug] [2021-05-27T07:02:15.136Z] > command requires scopes: ["email","openid","https://www.googleapis.com/auth/cloudplatformprojects.readonly","https://www.googleapis.com/auth/firebase","https://www.googleapis.com/auth/cloud-platform"]
[debug] [2021-05-27T07:02:15.136Z] > authorizing via signed-in user (terencejumba@gmail.com)
[info] 
     ######## #### ########  ######## ########     ###     ######  ########
     ##        ##  ##     ## ##       ##     ##  ##   ##  ##       ##
     ######    ##  ########  ######   ########  #########  ######  ######
     ##        ##  ##    ##  ##       ##     ## ##     ##       ## ##
     ##       #### ##     ## ######## ########  ##     ##  ######  ########

You're about to initialize a Firebase project in this directory:

  C:\Users\zeroday\Documents\react projects\shopping-app

[debug] [2021-05-27T07:02:16.243Z] <<< [apiv2][status] GET https://firebase-public.firebaseio.com/cli.json 200
[debug] [2021-05-27T07:02:16.244Z] <<< [apiv2][body] GET https://firebase-public.firebaseio.com/cli.json {"cloudBuildErrorAfter":1594252800000,"cloudBuildWarnAfter":1590019200000,"defaultNode10After":1594252800000,"minVersion":"3.0.5","node8DeploysDisabledAfter":1613390400000,"node8RuntimeDisabledAfter":1615809600000,"node8WarnAfter":1600128000000}
